Find the difference/Library/Bee/Android/Prj/IL2CPP/Gradle/launcher/build/intermediates/manifest_merge_blame_file/release/manifest-merger-blame-release-report.txt
1<?xml version="1.0" encoding="utf-8"?>
2<manifest xmlns:android="http://schemas.android.com/apk/res/android"
3    package="com.DefaultCompany.Findthedifference"
4    android:installLocation="preferExternal"
5    android:versionCode="1"
6    android:versionName="1.0" >
7
8    <uses-sdk
9        android:minSdkVersion="22"
9-->src\main\AndroidManifest.xml
10        android:targetSdkVersion="33" />
10-->src\main\AndroidManifest.xml
11
12    <supports-screens
12-->src\main\AndroidManifest.xml:3:3-163
13        android:anyDensity="true"
13-->src\main\AndroidManifest.xml:3:135-160
14        android:largeScreens="true"
14-->src\main\AndroidManifest.xml:3:78-105
15        android:normalScreens="true"
15-->src\main\AndroidManifest.xml:3:49-77
16        android:smallScreens="true"
16-->src\main\AndroidManifest.xml:3:21-48
17        android:xlargeScreens="true" />
17-->src\main\AndroidManifest.xml:3:106-134
18
19    <uses-feature android:glEsVersion="0x00030000" />
19-->[:unityLibrary] AndroidManifest.xml:12:5-54
19-->[:unityLibrary] AndroidManifest.xml:12:19-51
20
21    <uses-permission android:name="android.permission.VIBRATE" />
21-->[:unityLibrary] AndroidManifest.xml:14:5-66
21-->[:unityLibrary] AndroidManifest.xml:14:22-63
22
23    <uses-feature
23-->[:unityLibrary] AndroidManifest.xml:16:5-18:36
24        android:name="android.hardware.touchscreen"
24-->[:unityLibrary] AndroidManifest.xml:17:9-52
25        android:required="false" />
25-->[:unityLibrary] AndroidManifest.xml:18:9-33
26    <uses-feature
26-->[:unityLibrary] AndroidManifest.xml:19:5-21:36
27        android:name="android.hardware.touchscreen.multitouch"
27-->[:unityLibrary] AndroidManifest.xml:20:9-63
28        android:required="false" />
28-->[:unityLibrary] AndroidManifest.xml:21:9-33
29    <uses-feature
29-->[:unityLibrary] AndroidManifest.xml:22:5-24:36
30        android:name="android.hardware.touchscreen.multitouch.distinct"
30-->[:unityLibrary] AndroidManifest.xml:23:9-72
31        android:required="false" />
31-->[:unityLibrary] AndroidManifest.xml:24:9-33
32
33    <uses-permission android:name="android.permission.WAKE_LOCK" />
33-->[:androidx.work.work-runtime-2.7.0:] AndroidManifest.xml:19:3-66
33-->[:androidx.work.work-runtime-2.7.0:] AndroidManifest.xml:19:20-63
34    <uses-permission android:name="android.permission.ACCESS_NETWORK_STATE" />
34-->[:androidx.work.work-runtime-2.7.0:] AndroidManifest.xml:20:3-77
34-->[:androidx.work.work-runtime-2.7.0:] AndroidManifest.xml:20:20-74
35    <uses-permission android:name="android.permission.RECEIVE_BOOT_COMPLETED" />
35-->[:androidx.work.work-runtime-2.7.0:] AndroidManifest.xml:21:3-79
35-->[:androidx.work.work-runtime-2.7.0:] AndroidManifest.xml:21:20-76
36    <uses-permission android:name="android.permission.FOREGROUND_SERVICE" /> <!-- Required permission for App measurement to run. -->
36-->[:androidx.work.work-runtime-2.7.0:] AndroidManifest.xml:22:3-75
36-->[:androidx.work.work-runtime-2.7.0:] AndroidManifest.xml:22:20-72
37    <uses-permission android:name="android.permission.INTERNET" />
37-->[:com.google.android.gms.play-services-measurement-sdk-api-20.1.2:] AndroidManifest.xml:23:5-67
37-->[:com.google.android.gms.play-services-measurement-sdk-api-20.1.2:] AndroidManifest.xml:23:22-64
38    <uses-permission android:name="com.google.android.gms.permission.AD_ID" /> <!-- Android package visibility setting -->
38-->[:com.google.android.gms.play-services-measurement-sdk-api-20.1.2:] AndroidManifest.xml:26:5-79
38-->[:com.google.android.gms.play-services-measurement-sdk-api-20.1.2:] AndroidManifest.xml:26:22-76
39    <queries>
39-->[:com.google.android.gms.play-services-ads-lite-21.3.0:] AndroidManifest.xml:24:3-37:13
40
41        <!-- For browser content -->
42        <intent>
42-->[:com.google.android.gms.play-services-ads-lite-21.3.0:] AndroidManifest.xml:26:5-30:14
43            <action android:name="android.intent.action.VIEW" />
43-->[:com.google.android.gms.play-services-ads-lite-21.3.0:] AndroidManifest.xml:27:7-59
43-->[:com.google.android.gms.play-services-ads-lite-21.3.0:] AndroidManifest.xml:27:15-56
44
45            <category android:name="android.intent.category.BROWSABLE" />
45-->[:com.google.android.gms.play-services-ads-lite-21.3.0:] AndroidManifest.xml:28:7-68
45-->[:com.google.android.gms.play-services-ads-lite-21.3.0:] AndroidManifest.xml:28:17-65
46
47            <data android:scheme="https" />
47-->[:com.google.android.gms.play-services-ads-lite-21.3.0:] AndroidManifest.xml:29:7-38
47-->[:com.google.android.gms.play-services-ads-lite-21.3.0:] AndroidManifest.xml:29:13-35
48        </intent>
49        <!-- End of browser content -->
50        <!-- For CustomTabsService -->
51        <intent>
51-->[:com.google.android.gms.play-services-ads-lite-21.3.0:] AndroidManifest.xml:26:5-30:14
52            <action android:name="android.support.customtabs.action.CustomTabsService" />
53        </intent>
54        <!-- End of CustomTabsService -->
55    </queries>
56
57    <application
57-->src\main\AndroidManifest.xml:4:3-83
58        android:appComponentFactory="androidx.core.app.CoreComponentFactory"
58-->[:androidx.core.core-1.6.0:] AndroidManifest.xml:24:18-86
59        android:extractNativeLibs="true"
59-->[:unityLibrary] AndroidManifest.xml:26:18-50
60        android:icon="@mipmap/app_icon"
60-->src\main\AndroidManifest.xml:4:49-80
61        android:label="@string/app_name" >
61-->src\main\AndroidManifest.xml:4:16-48
62        <activity
62-->[:unityLibrary] AndroidManifest.xml:27:9-48:20
63            android:name="com.unity3d.player.UnityPlayerActivity"
63-->[:unityLibrary] AndroidManifest.xml:28:13-66
64            android:configChanges="mcc|mnc|locale|touchscreen|keyboard|keyboardHidden|navigation|orientation|screenLayout|uiMode|screenSize|smallestScreenSize|fontScale|layoutDirection|density"
64-->[:unityLibrary] AndroidManifest.xml:29:13-194
65            android:exported="true"
65-->[:unityLibrary] AndroidManifest.xml:30:13-36
66            android:hardwareAccelerated="false"
66-->[:unityLibrary] AndroidManifest.xml:31:13-48
67            android:launchMode="singleTask"
67-->[:unityLibrary] AndroidManifest.xml:32:13-44
68            android:resizeableActivity="false"
68-->[:unityLibrary] AndroidManifest.xml:33:13-47
69            android:screenOrientation="userPortrait"
69-->[:unityLibrary] AndroidManifest.xml:34:13-53
70            android:theme="@style/UnityThemeSelector" >
70-->[:unityLibrary] AndroidManifest.xml:35:13-54
71            <intent-filter>
71-->[:unityLibrary] AndroidManifest.xml:36:13-40:29
72                <action android:name="android.intent.action.MAIN" />
72-->[:unityLibrary] AndroidManifest.xml:37:17-69
72-->[:unityLibrary] AndroidManifest.xml:37:25-66
73
74                <category android:name="android.intent.category.LAUNCHER" />
74-->[:unityLibrary] AndroidManifest.xml:39:17-77
74-->[:unityLibrary] AndroidManifest.xml:39:27-74
75            </intent-filter>
76
77            <meta-data
77-->[:unityLibrary] AndroidManifest.xml:42:13-44:40
78                android:name="unityplayer.UnityActivity"
78-->[:unityLibrary] AndroidManifest.xml:43:17-57
79                android:value="true" />
79-->[:unityLibrary] AndroidManifest.xml:44:17-37
80            <meta-data
80-->[:unityLibrary] AndroidManifest.xml:45:13-47:40
81                android:name="android.notch_support"
81-->[:unityLibrary] AndroidManifest.xml:46:17-53
82                android:value="true" />
82-->[:unityLibrary] AndroidManifest.xml:47:17-37
83        </activity>
84
85        <meta-data
85-->[:unityLibrary] AndroidManifest.xml:50:9-52:33
86            android:name="unity.splash-mode"
86-->[:unityLibrary] AndroidManifest.xml:51:13-45
87            android:value="0" />
87-->[:unityLibrary] AndroidManifest.xml:52:13-30
88        <meta-data
88-->[:unityLibrary] AndroidManifest.xml:53:9-55:36
89            android:name="unity.splash-enable"
89-->[:unityLibrary] AndroidManifest.xml:54:13-47
90            android:value="True" />
90-->[:unityLibrary] AndroidManifest.xml:55:13-33
91        <meta-data
91-->[:unityLibrary] AndroidManifest.xml:56:9-58:36
92            android:name="unity.launch-fullscreen"
92-->[:unityLibrary] AndroidManifest.xml:57:13-51
93            android:value="True" />
93-->[:unityLibrary] AndroidManifest.xml:58:13-33
94        <meta-data
94-->[:unityLibrary] AndroidManifest.xml:59:9-61:37
95            android:name="unity.allow-resizable-window"
95-->[:unityLibrary] AndroidManifest.xml:60:13-56
96            android:value="False" />
96-->[:unityLibrary] AndroidManifest.xml:61:13-34
97        <meta-data
97-->[:unityLibrary] AndroidManifest.xml:62:9-64:50
98            android:name="notch.config"
98-->[:unityLibrary] AndroidManifest.xml:63:13-40
99            android:value="portrait|landscape" />
99-->[:unityLibrary] AndroidManifest.xml:64:13-47
100
101        <provider
101-->[:androidx.work.work-runtime-2.7.0:] AndroidManifest.xml:24:5-26:16
102            android:name="androidx.startup.InitializationProvider"
102-->[:androidx.work.work-runtime-2.7.0:] AndroidManifest.xml:24:15-69
103            android:authorities="com.DefaultCompany.Findthedifference.androidx-startup"
103-->[:androidx.work.work-runtime-2.7.0:] AndroidManifest.xml:24:70-145
104            android:exported="false" >
104-->[:androidx.work.work-runtime-2.7.0:] AndroidManifest.xml:24:146-170
105            <meta-data
105-->[:androidx.work.work-runtime-2.7.0:] AndroidManifest.xml:25:7-105
106                android:name="androidx.work.WorkManagerInitializer"
106-->[:androidx.work.work-runtime-2.7.0:] AndroidManifest.xml:25:18-69
107                android:value="androidx.startup" />
107-->[:androidx.work.work-runtime-2.7.0:] AndroidManifest.xml:25:70-102
108            <meta-data
108-->[:androidx.lifecycle.lifecycle-process-2.4.1:] AndroidManifest.xml:21:7-115
109                android:name="androidx.lifecycle.ProcessLifecycleInitializer"
109-->[:androidx.lifecycle.lifecycle-process-2.4.1:] AndroidManifest.xml:21:18-79
110                android:value="androidx.startup" />
110-->[:androidx.lifecycle.lifecycle-process-2.4.1:] AndroidManifest.xml:21:80-112
111        </provider>
112
113        <service
113-->[:androidx.work.work-runtime-2.7.0:] AndroidManifest.xml:27:5-229
114            android:name="androidx.work.impl.background.systemalarm.SystemAlarmService"
114-->[:androidx.work.work-runtime-2.7.0:] AndroidManifest.xml:27:14-89
115            android:directBootAware="false"
115-->[:androidx.work.work-runtime-2.7.0:] AndroidManifest.xml:27:90-121
116            android:enabled="@bool/enable_system_alarm_service_default"
116-->[:androidx.work.work-runtime-2.7.0:] AndroidManifest.xml:27:122-181
117            android:exported="false" />
117-->[:androidx.work.work-runtime-2.7.0:] AndroidManifest.xml:27:182-206
118        <service
118-->[:androidx.work.work-runtime-2.7.0:] AndroidManifest.xml:28:5-279
119            android:name="androidx.work.impl.background.systemjob.SystemJobService"
119-->[:androidx.work.work-runtime-2.7.0:] AndroidManifest.xml:28:14-85
120            android:directBootAware="false"
120-->[:androidx.work.work-runtime-2.7.0:] AndroidManifest.xml:28:86-117
121            android:enabled="@bool/enable_system_job_service_default"
121-->[:androidx.work.work-runtime-2.7.0:] AndroidManifest.xml:28:118-175
122            android:exported="true"
122-->[:androidx.work.work-runtime-2.7.0:] AndroidManifest.xml:28:176-199
123            android:permission="android.permission.BIND_JOB_SERVICE" />
123-->[:androidx.work.work-runtime-2.7.0:] AndroidManifest.xml:28:200-256
124        <service
124-->[:androidx.work.work-runtime-2.7.0:] AndroidManifest.xml:29:5-227
125            android:name="androidx.work.impl.foreground.SystemForegroundService"
125-->[:androidx.work.work-runtime-2.7.0:] AndroidManifest.xml:29:14-82
126            android:directBootAware="false"
126-->[:androidx.work.work-runtime-2.7.0:] AndroidManifest.xml:29:83-114
127            android:enabled="@bool/enable_system_foreground_service_default"
127-->[:androidx.work.work-runtime-2.7.0:] AndroidManifest.xml:29:115-179
128            android:exported="false" />
128-->[:androidx.work.work-runtime-2.7.0:] AndroidManifest.xml:29:180-204
129
130        <receiver
130-->[:androidx.work.work-runtime-2.7.0:] AndroidManifest.xml:30:5-193
131            android:name="androidx.work.impl.utils.ForceStopRunnable$BroadcastReceiver"
131-->[:androidx.work.work-runtime-2.7.0:] AndroidManifest.xml:30:15-90
132            android:directBootAware="false"
132-->[:androidx.work.work-runtime-2.7.0:] AndroidManifest.xml:30:91-122
133            android:enabled="true"
133-->[:androidx.work.work-runtime-2.7.0:] AndroidManifest.xml:30:123-145
134            android:exported="false" />
134-->[:androidx.work.work-runtime-2.7.0:] AndroidManifest.xml:30:146-170
135        <receiver
135-->[:androidx.work.work-runtime-2.7.0:] AndroidManifest.xml:31:5-36:16
136            android:name="androidx.work.impl.background.systemalarm.ConstraintProxy$BatteryChargingProxy"
136-->[:androidx.work.work-runtime-2.7.0:] AndroidManifest.xml:31:15-108
137            android:directBootAware="false"
137-->[:androidx.work.work-runtime-2.7.0:] AndroidManifest.xml:31:109-140
138            android:enabled="false"
138-->[:androidx.work.work-runtime-2.7.0:] AndroidManifest.xml:31:141-164
139            android:exported="false" >
139-->[:androidx.work.work-runtime-2.7.0:] AndroidManifest.xml:31:165-189
140            <intent-filter>
140-->[:androidx.work.work-runtime-2.7.0:] AndroidManifest.xml:32:7-35:23
141                <action android:name="android.intent.action.ACTION_POWER_CONNECTED" />
141-->[:androidx.work.work-runtime-2.7.0:] AndroidManifest.xml:33:9-79
141-->[:androidx.work.work-runtime-2.7.0:] AndroidManifest.xml:33:17-76
142                <action android:name="android.intent.action.ACTION_POWER_DISCONNECTED" />
142-->[:androidx.work.work-runtime-2.7.0:] AndroidManifest.xml:34:9-82
142-->[:androidx.work.work-runtime-2.7.0:] AndroidManifest.xml:34:17-79
143            </intent-filter>
144        </receiver>
145        <receiver
145-->[:androidx.work.work-runtime-2.7.0:] AndroidManifest.xml:37:5-42:16
146            android:name="androidx.work.impl.background.systemalarm.ConstraintProxy$BatteryNotLowProxy"
146-->[:androidx.work.work-runtime-2.7.0:] AndroidManifest.xml:37:15-106
147            android:directBootAware="false"
147-->[:androidx.work.work-runtime-2.7.0:] AndroidManifest.xml:37:107-138
148            android:enabled="false"
148-->[:androidx.work.work-runtime-2.7.0:] AndroidManifest.xml:37:139-162
149            android:exported="false" >
149-->[:androidx.work.work-runtime-2.7.0:] AndroidManifest.xml:37:163-187
150            <intent-filter>
150-->[:androidx.work.work-runtime-2.7.0:] AndroidManifest.xml:38:7-41:23
151                <action android:name="android.intent.action.BATTERY_OKAY" />
151-->[:androidx.work.work-runtime-2.7.0:] AndroidManifest.xml:39:9-69
151-->[:androidx.work.work-runtime-2.7.0:] AndroidManifest.xml:39:17-66
152                <action android:name="android.intent.action.BATTERY_LOW" />
152-->[:androidx.work.work-runtime-2.7.0:] AndroidManifest.xml:40:9-68
152-->[:androidx.work.work-runtime-2.7.0:] AndroidManifest.xml:40:17-65
153            </intent-filter>
154        </receiver>
155        <receiver
155-->[:androidx.work.work-runtime-2.7.0:] AndroidManifest.xml:43:5-48:16
156            android:name="androidx.work.impl.background.systemalarm.ConstraintProxy$StorageNotLowProxy"
156-->[:androidx.work.work-runtime-2.7.0:] AndroidManifest.xml:43:15-106
157            android:directBootAware="false"
157-->[:androidx.work.work-runtime-2.7.0:] AndroidManifest.xml:43:107-138
158            android:enabled="false"
158-->[:androidx.work.work-runtime-2.7.0:] AndroidManifest.xml:43:139-162
159            android:exported="false" >
159-->[:androidx.work.work-runtime-2.7.0:] AndroidManifest.xml:43:163-187
160            <intent-filter>
160-->[:androidx.work.work-runtime-2.7.0:] AndroidManifest.xml:44:7-47:23
161                <action android:name="android.intent.action.DEVICE_STORAGE_LOW" />
161-->[:androidx.work.work-runtime-2.7.0:] AndroidManifest.xml:45:9-75
161-->[:androidx.work.work-runtime-2.7.0:] AndroidManifest.xml:45:17-72
162                <action android:name="android.intent.action.DEVICE_STORAGE_OK" />
162-->[:androidx.work.work-runtime-2.7.0:] AndroidManifest.xml:46:9-74
162-->[:androidx.work.work-runtime-2.7.0:] AndroidManifest.xml:46:17-71
163            </intent-filter>
164        </receiver>
165        <receiver
165-->[:androidx.work.work-runtime-2.7.0:] AndroidManifest.xml:49:5-53:16
166            android:name="androidx.work.impl.background.systemalarm.ConstraintProxy$NetworkStateProxy"
166-->[:androidx.work.work-runtime-2.7.0:] AndroidManifest.xml:49:15-105
167            android:directBootAware="false"
167-->[:androidx.work.work-runtime-2.7.0:] AndroidManifest.xml:49:106-137
168            android:enabled="false"
168-->[:androidx.work.work-runtime-2.7.0:] AndroidManifest.xml:49:138-161
169            android:exported="false" >
169-->[:androidx.work.work-runtime-2.7.0:] AndroidManifest.xml:49:162-186
170            <intent-filter>
170-->[:androidx.work.work-runtime-2.7.0:] AndroidManifest.xml:50:7-52:23
171                <action android:name="android.net.conn.CONNECTIVITY_CHANGE" />
171-->[:androidx.work.work-runtime-2.7.0:] AndroidManifest.xml:51:9-71
171-->[:androidx.work.work-runtime-2.7.0:] AndroidManifest.xml:51:17-68
172            </intent-filter>
173        </receiver>
174        <receiver
174-->[:androidx.work.work-runtime-2.7.0:] AndroidManifest.xml:54:5-60:16
175            android:name="androidx.work.impl.background.systemalarm.RescheduleReceiver"
175-->[:androidx.work.work-runtime-2.7.0:] AndroidManifest.xml:54:15-90
176            android:directBootAware="false"
176-->[:androidx.work.work-runtime-2.7.0:] AndroidManifest.xml:54:91-122
177            android:enabled="false"
177-->[:androidx.work.work-runtime-2.7.0:] AndroidManifest.xml:54:123-146
178            android:exported="false" >
178-->[:androidx.work.work-runtime-2.7.0:] AndroidManifest.xml:54:147-171
179            <intent-filter>
179-->[:androidx.work.work-runtime-2.7.0:] AndroidManifest.xml:55:7-59:23
180                <action android:name="android.intent.action.BOOT_COMPLETED" />
180-->[:androidx.work.work-runtime-2.7.0:] AndroidManifest.xml:56:9-71
180-->[:androidx.work.work-runtime-2.7.0:] AndroidManifest.xml:56:17-68
181                <action android:name="android.intent.action.TIME_SET" />
181-->[:androidx.work.work-runtime-2.7.0:] AndroidManifest.xml:57:9-65
181-->[:androidx.work.work-runtime-2.7.0:] AndroidManifest.xml:57:17-62
182                <action android:name="android.intent.action.TIMEZONE_CHANGED" />
182-->[:androidx.work.work-runtime-2.7.0:] AndroidManifest.xml:58:9-73
182-->[:androidx.work.work-runtime-2.7.0:] AndroidManifest.xml:58:17-70
183            </intent-filter>
184        </receiver>
185        <receiver
185-->[:androidx.work.work-runtime-2.7.0:] AndroidManifest.xml:61:5-65:16
186            android:name="androidx.work.impl.background.systemalarm.ConstraintProxyUpdateReceiver"
186-->[:androidx.work.work-runtime-2.7.0:] AndroidManifest.xml:61:15-101
187            android:directBootAware="false"
187-->[:androidx.work.work-runtime-2.7.0:] AndroidManifest.xml:61:102-133
188            android:enabled="@bool/enable_system_alarm_service_default"
188-->[:androidx.work.work-runtime-2.7.0:] AndroidManifest.xml:61:134-193
189            android:exported="false" >
189-->[:androidx.work.work-runtime-2.7.0:] AndroidManifest.xml:61:194-218
190            <intent-filter>
190-->[:androidx.work.work-runtime-2.7.0:] AndroidManifest.xml:62:7-64:23
191                <action android:name="androidx.work.impl.background.systemalarm.UpdateProxies" />
191-->[:androidx.work.work-runtime-2.7.0:] AndroidManifest.xml:63:9-90
191-->[:androidx.work.work-runtime-2.7.0:] AndroidManifest.xml:63:17-87
192            </intent-filter>
193        </receiver>
194        <receiver
194-->[:androidx.work.work-runtime-2.7.0:] AndroidManifest.xml:66:5-70:16
195            android:name="androidx.work.impl.diagnostics.DiagnosticsReceiver"
195-->[:androidx.work.work-runtime-2.7.0:] AndroidManifest.xml:66:15-80
196            android:directBootAware="false"
196-->[:androidx.work.work-runtime-2.7.0:] AndroidManifest.xml:66:81-112
197            android:enabled="true"
197-->[:androidx.work.work-runtime-2.7.0:] AndroidManifest.xml:66:113-135
198            android:exported="true"
198-->[:androidx.work.work-runtime-2.7.0:] AndroidManifest.xml:66:136-159
199            android:permission="android.permission.DUMP" >
199-->[:androidx.work.work-runtime-2.7.0:] AndroidManifest.xml:66:160-204
200            <intent-filter>
200-->[:androidx.work.work-runtime-2.7.0:] AndroidManifest.xml:67:7-69:23
201                <action android:name="androidx.work.diagnostics.REQUEST_DIAGNOSTICS" />
201-->[:androidx.work.work-runtime-2.7.0:] AndroidManifest.xml:68:9-80
201-->[:androidx.work.work-runtime-2.7.0:] AndroidManifest.xml:68:17-77
202            </intent-filter>
203        </receiver>
204
205        <service
205-->[:androidx.room.room-runtime-2.2.5:] AndroidManifest.xml:25:9-28:40
206            android:name="androidx.room.MultiInstanceInvalidationService"
206-->[:androidx.room.room-runtime-2.2.5:] AndroidManifest.xml:26:13-74
207            android:directBootAware="true"
207-->[:androidx.room.room-runtime-2.2.5:] AndroidManifest.xml:27:13-43
208            android:exported="false" />
208-->[:androidx.room.room-runtime-2.2.5:] AndroidManifest.xml:28:13-37
209
210        <meta-data
210-->[:com.google.android.gms.play-services-basement-18.0.0:] AndroidManifest.xml:21:9-23:69
211            android:name="com.google.android.gms.version"
211-->[:com.google.android.gms.play-services-basement-18.0.0:] AndroidManifest.xml:22:13-58
212            android:value="@integer/google_play_services_version" />
212-->[:com.google.android.gms.play-services-basement-18.0.0:] AndroidManifest.xml:23:13-66
213
214        <activity
214-->[:com.google.android.gms.play-services-base-18.0.0:] AndroidManifest.xml:20:9-22:45
215            android:name="com.google.android.gms.common.api.GoogleApiActivity"
215-->[:com.google.android.gms.play-services-base-18.0.0:] AndroidManifest.xml:20:19-85
216            android:exported="false"
216-->[:com.google.android.gms.play-services-base-18.0.0:] AndroidManifest.xml:22:19-43
217            android:theme="@android:style/Theme.Translucent.NoTitleBar" /> <!-- Include the AdActivity and InAppPurchaseActivity configChanges and themes. -->
217-->[:com.google.android.gms.play-services-base-18.0.0:] AndroidManifest.xml:21:19-78
218        <activity
218-->[:com.google.android.gms.play-services-ads-lite-21.3.0:] AndroidManifest.xml:40:5-254
219            android:name="com.google.android.gms.ads.AdActivity"
219-->[:com.google.android.gms.play-services-ads-lite-21.3.0:] AndroidManifest.xml:40:15-67
220            android:configChanges="keyboard|keyboardHidden|orientation|screenLayout|uiMode|screenSize|smallestScreenSize"
220-->[:com.google.android.gms.play-services-ads-lite-21.3.0:] AndroidManifest.xml:40:68-177
221            android:exported="false"
221-->[:com.google.android.gms.play-services-ads-lite-21.3.0:] AndroidManifest.xml:40:178-202
222            android:theme="@android:style/Theme.Translucent" />
222-->[:com.google.android.gms.play-services-ads-lite-21.3.0:] AndroidManifest.xml:40:203-251
223
224        <provider
224-->[:com.google.android.gms.play-services-ads-lite-21.3.0:] AndroidManifest.xml:41:5-211
225            android:name="com.google.android.gms.ads.MobileAdsInitProvider"
225-->[:com.google.android.gms.play-services-ads-lite-21.3.0:] AndroidManifest.xml:41:15-78
226            android:authorities="com.DefaultCompany.Findthedifference.mobileadsinitprovider"
226-->[:com.google.android.gms.play-services-ads-lite-21.3.0:] AndroidManifest.xml:41:79-159
227            android:exported="false"
227-->[:com.google.android.gms.play-services-ads-lite-21.3.0:] AndroidManifest.xml:41:160-184
228            android:initOrder="100" />
228-->[:com.google.android.gms.play-services-ads-lite-21.3.0:] AndroidManifest.xml:41:185-208
229
230        <service
230-->[:com.google.android.gms.play-services-ads-lite-21.3.0:] AndroidManifest.xml:42:5-116
231            android:name="com.google.android.gms.ads.AdService"
231-->[:com.google.android.gms.play-services-ads-lite-21.3.0:] AndroidManifest.xml:42:14-65
232            android:enabled="true"
232-->[:com.google.android.gms.play-services-ads-lite-21.3.0:] AndroidManifest.xml:42:66-88
233            android:exported="false" />
233-->[:com.google.android.gms.play-services-ads-lite-21.3.0:] AndroidManifest.xml:42:89-113
234
235        <uses-library
235-->[:unityLibrary:GoogleMobileAdsPlugin.androidlib] AndroidManifest.xml:12:9-14:40
236            android:name="org.apache.http.legacy"
236-->[:unityLibrary:GoogleMobileAdsPlugin.androidlib] AndroidManifest.xml:13:13-50
237            android:required="false" />
237-->[:unityLibrary:GoogleMobileAdsPlugin.androidlib] AndroidManifest.xml:14:13-37
238
239        <meta-data
239-->[:unityLibrary:GoogleMobileAdsPlugin.androidlib] AndroidManifest.xml:16:9-18:70
240            android:name="com.google.android.gms.ads.APPLICATION_ID"
240-->[:unityLibrary:GoogleMobileAdsPlugin.androidlib] AndroidManifest.xml:17:13-69
241            android:value="ca-app-pub-3870393909896853~7574556857" />
241-->[:unityLibrary:GoogleMobileAdsPlugin.androidlib] AndroidManifest.xml:18:13-67
242        <meta-data
242-->[:unityLibrary:GoogleMobileAdsPlugin.androidlib] AndroidManifest.xml:19:9-21:36
243            android:name="com.google.android.gms.ads.DELAY_APP_MEASUREMENT_INIT"
243-->[:unityLibrary:GoogleMobileAdsPlugin.androidlib] AndroidManifest.xml:20:13-81
244            android:value="true" />
244-->[:unityLibrary:GoogleMobileAdsPlugin.androidlib] AndroidManifest.xml:21:13-33
245        <meta-data
245-->[:unityLibrary:GoogleMobileAdsPlugin.androidlib] AndroidManifest.xml:22:9-24:36
246            android:name="com.google.android.gms.ads.flag.OPTIMIZE_INITIALIZATION"
246-->[:unityLibrary:GoogleMobileAdsPlugin.androidlib] AndroidManifest.xml:23:13-83
247            android:value="true" />
247-->[:unityLibrary:GoogleMobileAdsPlugin.androidlib] AndroidManifest.xml:24:13-33
248        <meta-data
248-->[:unityLibrary:GoogleMobileAdsPlugin.androidlib] AndroidManifest.xml:25:9-27:36
249            android:name="com.google.android.gms.ads.flag.OPTIMIZE_AD_LOADING"
249-->[:unityLibrary:GoogleMobileAdsPlugin.androidlib] AndroidManifest.xml:26:13-79
250            android:value="true" />
250-->[:unityLibrary:GoogleMobileAdsPlugin.androidlib] AndroidManifest.xml:27:13-33
251    </application>
252
253</manifest>